Determining if files pthread.h exist failed with the following output:
Change Dir: C:/Users/AlexanderBrook/ClionProjects/glcl/build/CMakeFiles/CMakeTmp

Run Build Command:"C:/Program Files (x86)/MSBuild/12.0/bin/MSBuild.exe" "cmTryCompileExec1268780747.vcxproj" "/p:Configuration=Debug" "/p:VisualStudioVersion=12.0"
Microsoft (R) Build Engine version 12.0.31101.0
[Microsoft .NET Framework, version 4.0.30319.34014]
Copyright (C) Microsoft Corporation. All rights reserved.

Build started 11/03/2015 11:53:10.
Project "C:\Users\AlexanderBrook\ClionProjects\glcl\build\CMakeFiles\CMakeTmp\cmTryCompileExec1268780747.vcxproj" on node 1 (default targets).
PrepareForBuild:
  Creating directory "cmTryCompileExec1268780747.dir\Debug\".
  Creating directory "C:\Users\AlexanderBrook\ClionProjects\glcl\build\CMakeFiles\CMakeTmp\Debug\".
  Creating directory "cmTryCompileExec1268780747.dir\Debug\cmTryCom.8717B6C2.tlog\".
InitializeBuildStatus:
  Creating "cmTryCompileExec1268780747.dir\Debug\cmTryCom.8717B6C2.tlog\unsuccessfulbuild" because "AlwaysCreate" was specified.
ClCompile:
  D:\Program Files (x86)\Microsoft Visual Studio 12.0\VC\bin\CL.exe /c /Zi /W3 /WX- /Od /Ob0 /Oy- /D WIN32 /D _WINDOWS /D _DEBUG /D "CMAKE_INTDIR=\"Debug\"" /D _MBCS /Gm- /RTC1 /MDd /GS /fp:precise /Zc:wchar_t /Zc:forScope /Fo"cmTryCompileExec1268780747.dir\Debug\\" /Fd"cmTryCompileExec1268780747.dir\Debug\vc120.pdb" /Gd /TC /analyze- /errorReport:queue C:\Users\AlexanderBrook\ClionProjects\glcl\build\CMakeFiles\CMakeTmp\CheckIncludeFiles.c
  Microsoft (R) C/C++ Optimizing Compiler Version 18.00.31101 for x86
  Copyright (C) Microsoft Corporation.  All rights reserved.
  
  cl /c /Zi /W3 /WX- /Od /Ob0 /Oy- /D WIN32 /D _WINDOWS /D _DEBUG /D "CMAKE_INTDIR=\"Debug\"" /D _MBCS /Gm- /RTC1 /MDd /GS /fp:precise /Zc:wchar_t /Zc:forScope /Fo"cmTryCompileExec1268780747.dir\Debug\\" /Fd"cmTryCompileExec1268780747.dir\Debug\vc120.pdb" /Gd /TC /analyze- /errorReport:queue C:\Users\AlexanderBrook\ClionProjects\glcl\build\CMakeFiles\CMakeTmp\CheckIncludeFiles.c
  
  CheckIncludeFiles.c
C:\Users\AlexanderBrook\ClionProjects\glcl\build\CMakeFiles\CMakeTmp\CheckIncludeFiles.c(2): fatal error C1083: Cannot open include file: 'pthread.h': No such file or directory [C:\Users\AlexanderBrook\ClionProjects\glcl\build\CMakeFiles\CMakeTmp\cmTryCompileExec1268780747.vcxproj]
Done Building Project "C:\Users\AlexanderBrook\ClionProjects\glcl\build\CMakeFiles\CMakeTmp\cmTryCompileExec1268780747.vcxproj" (default targets) -- FAILED.

Build FAILED.

"C:\Users\AlexanderBrook\ClionProjects\glcl\build\CMakeFiles\CMakeTmp\cmTryCompileExec1268780747.vcxproj" (default target) (1) ->
(ClCompile target) -> 
  C:\Users\AlexanderBrook\ClionProjects\glcl\build\CMakeFiles\CMakeTmp\CheckIncludeFiles.c(2): fatal error C1083: Cannot open include file: 'pthread.h': No such file or directory [C:\Users\AlexanderBrook\ClionProjects\glcl\build\CMakeFiles\CMakeTmp\cmTryCompileExec1268780747.vcxproj]

    0 Warning(s)
    1 Error(s)

Time Elapsed 00:00:00.48

Source:
/* */
#include <pthread.h>


int main(void){return 0;}

Determining if the CL_VERSION_2_0 exist failed with the following output:
Change Dir: C:/Users/AlexanderBrook/ClionProjects/glcl/build/CMakeFiles/CMakeTmp

Run Build Command:"C:/Program Files (x86)/MSBuild/12.0/bin/MSBuild.exe" "cmTryCompileExec4066843419.vcxproj" "/p:Configuration=Debug" "/p:VisualStudioVersion=12.0"
Microsoft (R) Build Engine version 12.0.31101.0
[Microsoft .NET Framework, version 4.0.30319.34014]
Copyright (C) Microsoft Corporation. All rights reserved.

Build started 11/03/2015 17:24:29.
Project "C:\Users\AlexanderBrook\ClionProjects\glcl\build\CMakeFiles\CMakeTmp\cmTryCompileExec4066843419.vcxproj" on node 1 (default targets).
PrepareForBuild:
  Creating directory "cmTryCompileExec4066843419.dir\Debug\".
  Creating directory "C:\Users\AlexanderBrook\ClionProjects\glcl\build\CMakeFiles\CMakeTmp\Debug\".
  Creating directory "cmTryCompileExec4066843419.dir\Debug\cmTryCom.B596737B.tlog\".
InitializeBuildStatus:
  Creating "cmTryCompileExec4066843419.dir\Debug\cmTryCom.B596737B.tlog\unsuccessfulbuild" because "AlwaysCreate" was specified.
ClCompile:
  D:\Program Files (x86)\Microsoft Visual Studio 12.0\VC\bin\CL.exe /c /I"C:\Program Files (x86)\AMD APP SDK\2.9-1\include" /Zi /W3 /WX- /Od /Ob0 /Oy- /D WIN32 /D _WINDOWS /D _DEBUG /D "CMAKE_INTDIR=\"Debug\"" /D _MBCS /Gm- /RTC1 /MDd /GS /fp:precise /Zc:wchar_t /Zc:forScope /Fo"cmTryCompileExec4066843419.dir\Debug\\" /Fd"cmTryCompileExec4066843419.dir\Debug\vc120.pdb" /Gd /TC /analyze- /errorReport:queue C:\Users\AlexanderBrook\ClionProjects\glcl\build\CMakeFiles\CMakeTmp\CheckSymbolExists.c
  Microsoft (R) C/C++ Optimizing Compiler Version 18.00.31101 for x86
  Copyright (C) Microsoft Corporation.  All rights reserved.
  
  cl /c /I"C:\Program Files (x86)\AMD APP SDK\2.9-1\include" /Zi /W3 /WX- /Od /Ob0 /Oy- /D WIN32 /D _WINDOWS /D _DEBUG /D "CMAKE_INTDIR=\"Debug\"" /D _MBCS /Gm- /RTC1 /MDd /GS /fp:precise /Zc:wchar_t /Zc:forScope /Fo"cmTryCompileExec4066843419.dir\Debug\\" /Fd"cmTryCompileExec4066843419.dir\Debug\vc120.pdb" /Gd /TC /analyze- /errorReport:queue C:\Users\AlexanderBrook\ClionProjects\glcl\build\CMakeFiles\CMakeTmp\CheckSymbolExists.c
  
  CheckSymbolExists.c
C:\Users\AlexanderBrook\ClionProjects\glcl\build\CMakeFiles\CMakeTmp\CheckSymbolExists.c(8): error C2065: 'CL_VERSION_2_0' : undeclared identifier [C:\Users\AlexanderBrook\ClionProjects\glcl\build\CMakeFiles\CMakeTmp\cmTryCompileExec4066843419.vcxproj]
Done Building Project "C:\Users\AlexanderBrook\ClionProjects\glcl\build\CMakeFiles\CMakeTmp\cmTryCompileExec4066843419.vcxproj" (default targets) -- FAILED.

Build FAILED.

"C:\Users\AlexanderBrook\ClionProjects\glcl\build\CMakeFiles\CMakeTmp\cmTryCompileExec4066843419.vcxproj" (default target) (1) ->
(ClCompile target) -> 
  C:\Users\AlexanderBrook\ClionProjects\glcl\build\CMakeFiles\CMakeTmp\CheckSymbolExists.c(8): error C2065: 'CL_VERSION_2_0' : undeclared identifier [C:\Users\AlexanderBrook\ClionProjects\glcl\build\CMakeFiles\CMakeTmp\cmTryCompileExec4066843419.vcxproj]

    0 Warning(s)
    1 Error(s)

Time Elapsed 00:00:00.62

File C:/Users/AlexanderBrook/ClionProjects/glcl/build/CMakeFiles/CMakeTmp/CheckSymbolExists.c:
/* */
#include <C:/Program Files (x86)/AMD APP SDK/2.9-1/include/CL/cl.h>

int main(int argc, char** argv)
{
  (void)argv;
#ifndef CL_VERSION_2_0
  return ((int*)(&CL_VERSION_2_0))[argc];
#else
  (void)argc;
  return 0;
#endif
}

